<?xml version="1.0" encoding="UTF-8"?>
<testng-results skipped="0" failed="0" ignored="0" total="2" passed="2">
  <reporter-output>
  </reporter-output>
  <suite name="Suite" duration-ms="35414" started-at="2020-10-29T16:29:50 IST" finished-at="2020-10-29T16:30:25 IST">
    <groups>
    </groups>
    <test name="chromeTest" duration-ms="23370" started-at="2020-10-29T16:29:50 IST" finished-at="2020-10-29T16:30:13 IST">
      <class name="test.GridTest">
        <test-method status="PASS" signature="test1(java.lang.String)[pri:0, instance:test.GridTest@26aa12dd]" name="test1" duration-ms="23337" started-at="2020-10-29T16:29:50 IST" finished-at="2020-10-29T16:30:13 IST">
          <params>
            <param index="0">
              <value>
                <![CDATA[chrome]]>
              </value>
            </param>
          </params>
          <reporter-output>
          </reporter-output>
        </test-method> <!-- test1 -->
      </class> <!-- test.GridTest -->
    </test> <!-- chromeTest -->
    <test name="firefoxTest" duration-ms="35414" started-at="2020-10-29T16:29:50 IST" finished-at="2020-10-29T16:30:25 IST">
      <class name="test.GridTest">
        <test-method status="PASS" signature="test1(java.lang.String)[pri:0, instance:test.GridTest@76f2b07d]" name="test1" duration-ms="35385" started-at="2020-10-29T16:29:50 IST" finished-at="2020-10-29T16:30:25 IST">
          <params>
            <param index="0">
              <value>
                <![CDATA[firefox]]>
              </value>
            </param>
          </params>
          <reporter-output>
          </reporter-output>
        </test-method> <!-- test1 -->
      </class> <!-- test.GridTest -->
    </test> <!-- firefoxTest -->
  </suite> <!-- Suite -->
</testng-results>
